<?xml version="1.0" encoding="UTF-8"?>
<testng-results skipped="0" failed="0" ignored="0" total="1" passed="1">
  <reporter-output>
  </reporter-output>
  <suite name="Default suite" duration-ms="33" started-at="2020-03-12T13:01:34 IST" finished-at="2020-03-12T13:01:34 IST">
    <groups>
    </groups>
    <test name="Default test" duration-ms="33" started-at="2020-03-12T13:01:34 IST" finished-at="2020-03-12T13:01:34 IST">
      <class name="RestTest.rest">
        <test-method status="PASS" signature="swipeTest()[pri:0, instance:RestTest.rest@4e7dc304]" name="swipeTest" duration-ms="6" started-at="2020-03-12T13:01:34 IST" finished-at="2020-03-12T13:01:34 IST">
          <reporter-output>
          </reporter-output>
        </test-method> <!-- swipeTest -->
      </class> <!-- RestTest.rest -->
    </test> <!-- Default test -->
  </suite> <!-- Default suite -->
</testng-results>
